[skip category] vaultcraft ¨ raw=None, requested='dex'
[skip category] pendle ¨ raw=None, requested='dex'
[skip apy] balancer-v3 ¨ apy 8481.66% > max_apy 400.00%
[skip chain] 'optimism' not in ['base']
[skip category] yield-yak-aggregator ¨ raw=None, requested='dex'
[skip chain] 'bsc' not in ['base']
[skip category] hyperion ¨ raw=None, requested='dex'
[skip apy] kyberswap-fairflow ¨ apy 2983.83% > max_apy 400.00%
[skip category] peapods-finance ¨ raw=None, requested='dex'
[skip category] extra-finance-leverage-farming ¨ raw=None, requested='dex'
[skip category] steer-protocol ¨ raw=None, requested='dex'
[skip category] morfi ¨ raw=None, requested='dex'
[skip category] the-standard ¨ raw=None, requested='dex'
[skip chain] 'arbitrum' not in ['base']
[skip chain] 'solana' not in ['base']
[skip category] y2k-v1 ¨ raw=None, requested='dex'
[skip category] jones-dao ¨ raw=None, requested='dex'
[skip chain] 'aptos' not in ['base']
[skip chain] 'sonic' not in ['base']
[skip category] full-sail ¨ raw=None, requested='dex'
[skip category] merkl ¨ raw=None, requested='dex'
[skip category] spectra-v2 ¨ raw=None, requested='dex'
[skip category] etherex-cl ¨ raw=None, requested='dex'
[skip category] sandclock ¨ raw=None, requested='dex'
[skip category] flowx-v3 ¨ raw=None, requested='dex'
[skip category] turbos ¨ raw=None, requested='dex'
[skip chain] 'fraxtal' not in ['base']
[skip category] berapaw ¨ raw=None, requested='dex'
[skip category] bex ¨ raw=None, requested='dex'
[skip category] tortuga ¨ raw=None, requested='dex'
[skip category] vvs-standard ¨ raw=None, requested='dex'
[skip category] harvest-finance ¨ raw=None, requested='dex'
[skip category] alien-base-v3 ¨ raw=None, requested='dex'
[skip chain] 'ethereum' not in ['base']
[skip chain] 'arbitrum' not in ['base']
[skip category] ellipsis-finance ¨ raw=None, requested='dex'
[skip chain] 'sui' not in ['base']
[skip chain] 'libre' not in ['base']
[skip category] wasabi ¨ raw=None, requested='dex'
[skip category] yearn-finance ¨ raw=None, requested='dex'
[skip category] tapp-exchange ¨ raw=None, requested='dex'
[skip category] francium ¨ raw=None, requested='dex'
[skip chain] 'arbitrum' not in ['base']
[skip chain] 'klaytn' not in ['base']
[skip category] yuzu-finance ¨ raw=None, requested='dex'
[skip category] flamingo-finance ¨ raw=None, requested='dex'
[skip chain] 'sonic' not in ['base']
[skip category] metrom ¨ raw=None, requested='dex'
[skip category] stake-dao ¨ raw=None, requested='dex'
Name                                         APY% Source          TVL (USD) Chain      Symbols            Stable Category    
-----------------------------------------------------------------------------------------------------------------------------
sushiswap-v3                               202.00 defillama          26,323 Base       SNSY WETH          none   dex         

[skip category] vaultcraft ¨ raw=None, requested='dex'
[skip category] pendle ¨ raw=None, requested='dex'
[skip chain] 'base' not in ['arbitrum']
[skip chain] 'optimism' not in ['arbitrum']
[skip category] yield-yak-aggregator ¨ raw=None, requested='dex'
[skip chain] 'bsc' not in ['arbitrum']
[skip category] hyperion ¨ raw=None, requested='dex'
[skip chain] 'base' not in ['arbitrum']
[skip category] peapods-finance ¨ raw=None, requested='dex'
[skip category] extra-finance-leverage-farming ¨ raw=None, requested='dex'
[skip category] steer-protocol ¨ raw=None, requested='dex'
[skip category] morfi ¨ raw=None, requested='dex'
[skip category] the-standard ¨ raw=None, requested='dex'
[skip apy] pancakeswap-amm-v3 ¨ apy 1944.52% > max_apy 400.00%
[skip chain] 'solana' not in ['arbitrum']
[skip category] y2k-v1 ¨ raw=None, requested='dex'
[skip category] jones-dao ¨ raw=None, requested='dex'
[skip chain] 'aptos' not in ['arbitrum']
[skip chain] 'sonic' not in ['arbitrum']
[skip category] full-sail ¨ raw=None, requested='dex'
[skip category] merkl ¨ raw=None, requested='dex'
[skip category] spectra-v2 ¨ raw=None, requested='dex'
[skip category] etherex-cl ¨ raw=None, requested='dex'
[skip category] sandclock ¨ raw=None, requested='dex'
[skip category] flowx-v3 ¨ raw=None, requested='dex'
[skip category] turbos ¨ raw=None, requested='dex'
[skip chain] 'fraxtal' not in ['arbitrum']
[skip category] berapaw ¨ raw=None, requested='dex'
[skip category] bex ¨ raw=None, requested='dex'
[skip category] tortuga ¨ raw=None, requested='dex'
[skip category] vvs-standard ¨ raw=None, requested='dex'
[skip category] harvest-finance ¨ raw=None, requested='dex'
[skip category] alien-base-v3 ¨ raw=None, requested='dex'
[skip chain] 'ethereum' not in ['arbitrum']
[skip category] ellipsis-finance ¨ raw=None, requested='dex'
[skip chain] 'sui' not in ['arbitrum']
[skip chain] 'libre' not in ['arbitrum']
[skip category] wasabi ¨ raw=None, requested='dex'
[skip category] yearn-finance ¨ raw=None, requested='dex'
[skip category] tapp-exchange ¨ raw=None, requested='dex'
[skip category] francium ¨ raw=None, requested='dex'
[skip chain] 'klaytn' not in ['arbitrum']
[skip category] yuzu-finance ¨ raw=None, requested='dex'
[skip category] flamingo-finance ¨ raw=None, requested='dex'
[skip chain] 'sonic' not in ['arbitrum']
[skip category] metrom ¨ raw=None, requested='dex'
[skip chain] 'base' not in ['arbitrum']
[skip category] stake-dao ¨ raw=None, requested='dex'
Name                                         APY% Source          TVL (USD) Chain      Symbols            Stable Category    
-----------------------------------------------------------------------------------------------------------------------------
ramses-cl                                  355.36 defillama          77,429 Arbitrum   WETH ARB           none   dex         
camelot-v3                                 242.26 defillama         113,890 Arbitrum   USDC AARK          any    dex         

